#
# There is insufficient memory for the Java Runtime Environment to continue.
# Native memory allocation (malloc) failed to allocate 197664 bytes. Error detail: Chunk::new
# Possible reasons:
#   The system is out of physical RAM or swap space
#   This process is running with CompressedOops enabled, and the Java Heap may be blocking the growth of the native heap
# Possible solutions:
#   Reduce memory load on the system
#   Increase physical memory or swap space
#   Check if swap backing store is full
#   Decrease Java heap size (-Xmx/-Xms)
#   Decrease number of Java threads
#   Decrease Java thread stack sizes (-Xss)
#   Set larger code cache with -XX:ReservedCodeCacheSize=
#   JVM is running with Unscaled Compressed Oops mode in which the Java heap is
#     placed in the first 4GB address space. The Java Heap base address is the
#     maximum limit for the native heap growth. Please use -XX:HeapBaseMinAddress
#     to set the Java Heap base and to place the Java Heap above 4GB virtual address.
# This output file may be truncated or incomplete.
#
#  Out of Memory Error (arena.cpp:191), pid=22596, tid=8452
#
# JRE version: OpenJDK Runtime Environment Temurin-17.0.11+9 (17.0.11+9) (build 17.0.11+9)
# Java VM: OpenJDK 64-Bit Server VM Temurin-17.0.11+9 (17.0.11+9, mixed mode, tiered, compressed oops, compressed class ptrs, parallel gc, windows-amd64)
# No core dump will be written. Minidumps are not enabled by default on client versions of Windows
#

---------------  S U M M A R Y ------------

Command Line: --add-modules=ALL-SYSTEM --add-opens=java.base/java.util=ALL-UNNAMED --add-opens=java.base/java.lang=ALL-UNNAMED --add-opens=java.base/sun.nio.fs=ALL-UNNAMED -Declipse.application=org.eclipse.jdt.ls.core.id1 -Dosgi.bundles.defaultStartLevel=4 -Declipse.product=org.eclipse.jdt.ls.core.product -Djava.import.generatesMetadataFilesAtProjectRoot=false -DDetectVMInstallationsJob.disabled=true -Dfile.encoding=utf8 -XX:+UseParallelGC -XX:GCTimeRatio=4 -XX:AdaptiveSizePolicyWeight=90 -Dsun.zip.disableMemoryMapping=true -Xmx1G -Xms100m -Xlog:disable -javaagent:c:\Users\LENOVO_GAMING\.vscode\extensions\redhat.java-1.32.0-win32-x64\lombok\lombok-1.18.33.jar c:\Users\LENOVO_GAMING\.vscode\extensions\redhat.java-1.32.0-win32-x64\server\plugins\org.eclipse.equinox.launcher_1.6.900.v20240613-2009.jar -configuration c:\Users\LENOVO_GAMING\AppData\Roaming\Code\User\globalStorage\redhat.java\1.32.0\config_ss_win -data c:\Users\LENOVO_GAMING\AppData\Roaming\Code\User\workspaceStorage\b8893bf1ea7f92e422c90a086c34b6a0\redhat.java\ss_ws --pipe=\\.\pipe\lsp-2da935bf4ba8fe6ad3456dd38a626564-sock

Host: Intel(R) Core(TM) i7-6700HQ CPU @ 2.60GHz, 8 cores, 15G,  Windows 10 , 64 bit Build 19041 (10.0.19041.3636)
Time: Mon Jul  8 22:17:36 2024  Windows 10 , 64 bit Build 19041 (10.0.19041.3636) elapsed time: 0.540205 seconds (0d 0h 0m 0s)

---------------  T H R E A D  ---------------

Current thread (0x000002a6d386f140):  JavaThread "C2 CompilerThread1" daemon [_thread_in_native, id=8452, stack(0x000000b398600000,0x000000b398700000)]


Current CompileTask:
C2:    540  390 %     4       lombok.launch.PackageShader::apply @ 76 (252 bytes)

Stack: [0x000000b398600000,0x000000b398700000]
Native frames: (J=compiled Java code, j=interpreted, Vv=VM code, C=native code)
V  [jvm.dll+0x67d429]
V  [jvm.dll+0x834b7a]
V  [jvm.dll+0x83663e]
V  [jvm.dll+0x836ca3]
V  [jvm.dll+0x247dbf]
V  [jvm.dll+0xac534]
V  [jvm.dll+0xacb7c]
V  [jvm.dll+0x366647]
V  [jvm.dll+0x330bba]
V  [jvm.dll+0x33005a]
V  [jvm.dll+0x21a471]
V  [jvm.dll+0x2198b1]
V  [jvm.dll+0x1a534d]
V  [jvm.dll+0x2295cd]
V  [jvm.dll+0x22779c]
V  [jvm.dll+0x7e9d07]
V  [jvm.dll+0x7e410a]
V  [jvm.dll+0x67c315]
C  [ucrtbase.dll+0x21bb2]
C  [KERNEL32.DLL+0x17344]
C  [ntdll.dll+0x4cc91]


---------------  P R O C E S S  ---------------

Threads class SMR info:
_java_thread_list=0x000002a6d473a990, length=13, elements={
0x000002a6b86f3090, 0x000002a6ce4ee900, 0x000002a6d37b50b0, 0x000002a6d37cdfa0,
0x000002a6d37e71d0, 0x000002a6d37ea3b0, 0x000002a6d37f2090, 0x000002a6d37f62d0,
0x000002a6d37f7ca0, 0x000002a6d37f85b0, 0x000002a6d391f0a0, 0x000002a6d386f140,
0x000002a6d3b5c870
}

Java Threads: ( => current thread )
  0x000002a6b86f3090 JavaThread "main" [_thread_in_vm, id=3020, stack(0x000000b397900000,0x000000b397a00000)]
  0x000002a6ce4ee900 JavaThread "Reference Handler" daemon [_thread_blocked, id=11004, stack(0x000000b397c00000,0x000000b397d00000)]
  0x000002a6d37b50b0 JavaThread "Finalizer" daemon [_thread_blocked, id=14044, stack(0x000000b397d00000,0x000000b397e00000)]
  0x000002a6d37cdfa0 JavaThread "Signal Dispatcher" daemon [_thread_blocked, id=19612, stack(0x000000b397e00000,0x000000b397f00000)]
  0x000002a6d37e71d0 JavaThread "Attach Listener" daemon [_thread_blocked, id=8060, stack(0x000000b397f00000,0x000000b398000000)]
  0x000002a6d37ea3b0 JavaThread "Service Thread" daemon [_thread_blocked, id=12176, stack(0x000000b398000000,0x000000b398100000)]
  0x000002a6d37f2090 JavaThread "Monitor Deflation Thread" daemon [_thread_blocked, id=9056, stack(0x000000b398100000,0x000000b398200000)]
  0x000002a6d37f62d0 JavaThread "C2 CompilerThread0" daemon [_thread_blocked, id=11548, stack(0x000000b398200000,0x000000b398300000)]
  0x000002a6d37f7ca0 JavaThread "C1 CompilerThread0" daemon [_thread_blocked, id=2968, stack(0x000000b398300000,0x000000b398400000)]
  0x000002a6d37f85b0 JavaThread "Sweeper thread" daemon [_thread_blocked, id=23528, stack(0x000000b398400000,0x000000b398500000)]
  0x000002a6d391f0a0 JavaThread "Common-Cleaner" daemon [_thread_blocked, id=9424, stack(0x000000b398500000,0x000000b398600000)]
=>0x000002a6d386f140 JavaThread "C2 CompilerThread1" daemon [_thread_in_native, id=8452, stack(0x000000b398600000,0x000000b398700000)]
  0x000002a6d3b5c870 JavaThread "Notification Thread" daemon [_thread_blocked, id=15124, stack(0x000000b398700000,0x000000b398800000)]

Other Threads:
  0x000002a6d37a0c20 VMThread "VM Thread" [stack: 0x000000b397b00000,0x000000b397c00000] [id=16936]
  0x000002a6d3b5cd50 WatcherThread [stack: 0x000000b398800000,0x000000b398900000] [id=1660]
  0x000002a6b8709720 GCTaskThread "GC Thread#0" [stack: 0x000000b397a00000,0x000000b397b00000] [id=21632]

Threads with active compile tasks:
C2 CompilerThread1      569  390 %     4       lombok.launch.PackageShader::apply @ 76 (252 bytes)

VM state: not at safepoint (normal execution)

VM Mutex/Monitor currently owned by a thread: None

Heap address: 0x00000000c0000000, size: 1024 MB, Compressed Oops mode: 32-bit

CDS archive(s) not mapped
Compressed class space mapped at: 0x0000000100000000-0x0000000140000000, reserved size: 1073741824
Narrow klass base: 0x0000000000000000, Narrow klass shift: 3, Narrow klass range: 0x140000000

GC Precious Log:
 CPUs: 8 total, 8 available
 Memory: 16211M
 Large Page Support: Disabled
 NUMA Support: Disabled
 Compressed Oops: Enabled (32-bit)
 Alignments: Space 512K, Generation 512K, Heap 2M
 Heap Min Capacity: 100M
 Heap Initial Capacity: 100M
 Heap Max Capacity: 1G
 Pre-touch: Disabled
 Parallel Workers: 8

Heap:
 PSYoungGen      total 29696K, used 8767K [0x00000000eab00000, 0x00000000ecc00000, 0x0000000100000000)
  eden space 25600K, 34% used [0x00000000eab00000,0x00000000eb38fc00,0x00000000ec400000)
  from space 4096K, 0% used [0x00000000ec800000,0x00000000ec800000,0x00000000ecc00000)
  to   space 4096K, 0% used [0x00000000ec400000,0x00000000ec400000,0x00000000ec800000)
 ParOldGen       total 68608K, used 0K [0x00000000c0000000, 0x00000000c4300000, 0x00000000eab00000)
  object space 68608K, 0% used [0x00000000c0000000,0x00000000c0000000,0x00000000c4300000)
 Metaspace       used 6658K, committed 6784K, reserved 1114112K
  class space    used 652K, committed 704K, reserved 1048576K

Card table byte_map: [0x000002a6cbd80000,0x000002a6cbf90000] _byte_map_base: 0x000002a6cb780000

Marking Bits: (ParMarkBitMap*) 0x00007ffc7d28d820
 Begin Bits: [0x000002a6cc0f0000, 0x000002a6cd0f0000)
 End Bits:   [0x000002a6cd0f0000, 0x000002a6ce0f0000)

Polling page: 0x000002a6b85a0000

Metaspace:

Usage:
  Non-class:      5.87 MB used.
      Class:    653.84 KB used.
       Both:      6.50 MB used.

Virtual space:
  Non-class space:       64.00 MB reserved,       5.94 MB (  9%) committed,  1 nodes.
      Class space:        1.00 GB reserved,     704.00 KB ( <1%) committed,  1 nodes.
             Both:        1.06 GB reserved,       6.62 MB ( <1%) committed. 

Chunk freelists:
   Non-Class:  10.11 MB
       Class:  15.21 MB
        Both:  25.32 MB

MaxMetaspaceSize: unlimited
CompressedClassSpaceSize: 1.00 GB
Initial GC threshold: 21.00 MB
Current GC threshold: 21.00 MB
CDS: off
MetaspaceReclaimPolicy: balanced
 - commit_granule_bytes: 65536.
 - commit_granule_words: 8192.
 - virtual_space_node_default_size: 8388608.
 - enlarge_chunks_in_place: 1.
 - new_chunks_are_fully_committed: 0.
 - uncommit_free_chunks: 1.
 - use_allocation_guard: 0.
 - handle_deallocations: 1.


Internal statistics:

num_allocs_failed_limit: 0.
num_arena_births: 10.
num_arena_deaths: 0.
num_vsnodes_births: 2.
num_vsnodes_deaths: 0.
num_space_committed: 106.
num_space_uncommitted: 0.
num_chunks_returned_to_freelist: 0.
num_chunks_taken_from_freelist: 36.
num_chunk_merges: 0.
num_chunk_splits: 22.
num_chunks_enlarged: 21.
num_inconsistent_stats: 0.

CodeHeap 'non-profiled nmethods': size=120000Kb used=128Kb max_used=128Kb free=119871Kb
 bounds [0x000002a6c4670000, 0x000002a6c48e0000, 0x000002a6cbba0000]
CodeHeap 'profiled nmethods': size=120000Kb used=593Kb max_used=593Kb free=119406Kb
 bounds [0x000002a6bcba0000, 0x000002a6bce10000, 0x000002a6c40d0000]
CodeHeap 'non-nmethods': size=5760Kb used=1101Kb max_used=1118Kb free=4658Kb
 bounds [0x000002a6c40d0000, 0x000002a6c4340000, 0x000002a6c4670000]
 total_blobs=809 nmethods=429 adapters=295
 compilation: enabled
              stopped_count=0, restarted_count=0
 full_count=0

Compilation events (20 events):
Event: 0.531 Thread 0x000002a6d37f7ca0 nmethod 402 0x000002a6c468ca90 code [0x000002a6c468cc20, 0x000002a6c468ccf8]
Event: 0.531 Thread 0x000002a6d37f7ca0  403       3       java.util.ArrayList::<init> (12 bytes)
Event: 0.532 Thread 0x000002a6d37f7ca0 nmethod 403 0x000002a6bcc28510 code [0x000002a6bcc286c0, 0x000002a6bcc28918]
Event: 0.532 Thread 0x000002a6d37f7ca0  404       3       java.lang.String::indexOf (64 bytes)
Event: 0.532 Thread 0x000002a6d37f7ca0 nmethod 404 0x000002a6bcc28a10 code [0x000002a6bcc28c20, 0x000002a6bcc290e8]
Event: 0.532 Thread 0x000002a6d37f7ca0  407       3       java.util.Collections$UnmodifiableCollection::<init> (22 bytes)
Event: 0.532 Thread 0x000002a6d37f7ca0 nmethod 407 0x000002a6bcc29290 code [0x000002a6bcc29440, 0x000002a6bcc296c8]
Event: 0.532 Thread 0x000002a6d37f7ca0  406       3       java.util.Collections$UnmodifiableCollection$1::next (10 bytes)
Event: 0.532 Thread 0x000002a6d37f7ca0 nmethod 406 0x000002a6bcc29810 code [0x000002a6bcc299c0, 0x000002a6bcc29b88]
Event: 0.533 Thread 0x000002a6d37f7ca0  408       3       java.util.Collections::unmodifiableList (47 bytes)
Event: 0.533 Thread 0x000002a6d37f7ca0 nmethod 408 0x000002a6bcc29c90 code [0x000002a6bcc29ec0, 0x000002a6bcc2a7f8]
Event: 0.533 Thread 0x000002a6d37f7ca0  409       3       java.util.Collections$UnmodifiableRandomAccessList::<init> (6 bytes)
Event: 0.534 Thread 0x000002a6d37f7ca0 nmethod 409 0x000002a6bcc2aa90 code [0x000002a6bcc2ac60, 0x000002a6bcc2afc8]
Event: 0.534 Thread 0x000002a6d37f7ca0  410   !   3       java.lang.String::replace (258 bytes)
Event: 0.535 Thread 0x000002a6d37f62d0 nmethod 395% 0x000002a6c468cd90 code [0x000002a6c468cf20, 0x000002a6c468d378]
Event: 0.536 Thread 0x000002a6d37f62d0  405       4       java.lang.String::indexOf (29 bytes)
Event: 0.537 Thread 0x000002a6d37f7ca0 nmethod 410 0x000002a6bcc2b110 code [0x000002a6bcc2b5e0, 0x000002a6bcc2d908]
Event: 0.537 Thread 0x000002a6d37f7ca0  411       1       lombok.patcher.ScriptManager::access$3 (5 bytes)
Event: 0.537 Thread 0x000002a6d37f7ca0 nmethod 411 0x000002a6c468d590 code [0x000002a6c468d720, 0x000002a6c468d7d8]
Event: 0.537 Thread 0x000002a6d37f7ca0  413       3       java.lang.StringConcatHelper::newArray (40 bytes)

GC Heap History (0 events):
No events

Dll operation events (8 events):
Event: 0.068 Loaded shared library c:\Users\LENOVO_GAMING\.vscode\extensions\redhat.java-1.32.0-win32-x64\jre\17.0.11-win32-x86_64\bin\java.dll
Event: 0.294 Loaded shared library c:\Users\LENOVO_GAMING\.vscode\extensions\redhat.java-1.32.0-win32-x64\jre\17.0.11-win32-x86_64\bin\zip.dll
Event: 0.299 Loaded shared library C:\Users\LENOVO_GAMING\.vscode\extensions\redhat.java-1.32.0-win32-x64\jre\17.0.11-win32-x86_64\bin\instrument.dll
Event: 0.322 Loaded shared library C:\Users\LENOVO_GAMING\.vscode\extensions\redhat.java-1.32.0-win32-x64\jre\17.0.11-win32-x86_64\bin\net.dll
Event: 0.331 Loaded shared library C:\Users\LENOVO_GAMING\.vscode\extensions\redhat.java-1.32.0-win32-x64\jre\17.0.11-win32-x86_64\bin\nio.dll
Event: 0.342 Loaded shared library C:\Users\LENOVO_GAMING\.vscode\extensions\redhat.java-1.32.0-win32-x64\jre\17.0.11-win32-x86_64\bin\zip.dll
Event: 0.361 Loaded shared library C:\Users\LENOVO_GAMING\.vscode\extensions\redhat.java-1.32.0-win32-x64\jre\17.0.11-win32-x86_64\bin\jimage.dll
Event: 0.442 Loaded shared library c:\Users\LENOVO_GAMING\.vscode\extensions\redhat.java-1.32.0-win32-x64\jre\17.0.11-win32-x86_64\bin\verify.dll

Deoptimization events (20 events):
Event: 0.349 Thread 0x000002a6b86f3090 Uncommon trap: trap_request=0xffffffde fr.pc=0x000002a6c467de7c relative=0x000000000000059c
Event: 0.349 Thread 0x000002a6b86f3090 Uncommon trap: reason=class_check action=maybe_recompile pc=0x000002a6c467de7c method=java.util.HashMap.putVal(ILjava/lang/Object;Ljava/lang/Object;ZZ)Ljava/lang/Object; @ 152 c2
Event: 0.349 Thread 0x000002a6b86f3090 DEOPT PACKING pc=0x000002a6c467de7c sp=0x000000b3979fe2d0
Event: 0.349 Thread 0x000002a6b86f3090 DEOPT UNPACKING pc=0x000002a6c41266a3 sp=0x000000b3979fe220 mode 2
Event: 0.349 Thread 0x000002a6b86f3090 Uncommon trap: trap_request=0xffffffde fr.pc=0x000002a6c467de7c relative=0x000000000000059c
Event: 0.349 Thread 0x000002a6b86f3090 Uncommon trap: reason=class_check action=maybe_recompile pc=0x000002a6c467de7c method=java.util.HashMap.putVal(ILjava/lang/Object;Ljava/lang/Object;ZZ)Ljava/lang/Object; @ 152 c2
Event: 0.349 Thread 0x000002a6b86f3090 DEOPT PACKING pc=0x000002a6c467de7c sp=0x000000b3979fe2d0
Event: 0.349 Thread 0x000002a6b86f3090 DEOPT UNPACKING pc=0x000002a6c41266a3 sp=0x000000b3979fe220 mode 2
Event: 0.349 Thread 0x000002a6b86f3090 Uncommon trap: trap_request=0xffffffde fr.pc=0x000002a6c467de7c relative=0x000000000000059c
Event: 0.349 Thread 0x000002a6b86f3090 Uncommon trap: reason=class_check action=maybe_recompile pc=0x000002a6c467de7c method=java.util.HashMap.putVal(ILjava/lang/Object;Ljava/lang/Object;ZZ)Ljava/lang/Object; @ 152 c2
Event: 0.349 Thread 0x000002a6b86f3090 DEOPT PACKING pc=0x000002a6c467de7c sp=0x000000b3979fe2d0
Event: 0.349 Thread 0x000002a6b86f3090 DEOPT UNPACKING pc=0x000002a6c41266a3 sp=0x000000b3979fe220 mode 2
Event: 0.536 Thread 0x000002a6b86f3090 Uncommon trap: trap_request=0xffffffde fr.pc=0x000002a6c467de7c relative=0x000000000000059c
Event: 0.536 Thread 0x000002a6b86f3090 Uncommon trap: reason=class_check action=maybe_recompile pc=0x000002a6c467de7c method=java.util.HashMap.putVal(ILjava/lang/Object;Ljava/lang/Object;ZZ)Ljava/lang/Object; @ 152 c2
Event: 0.536 Thread 0x000002a6b86f3090 DEOPT PACKING pc=0x000002a6c467de7c sp=0x000000b3979febe0
Event: 0.536 Thread 0x000002a6b86f3090 DEOPT UNPACKING pc=0x000002a6c41266a3 sp=0x000000b3979feb30 mode 2
Event: 0.537 Thread 0x000002a6b86f3090 DEOPT PACKING pc=0x000002a6bcbe38d6 sp=0x000000b3979fde50
Event: 0.537 Thread 0x000002a6b86f3090 DEOPT UNPACKING pc=0x000002a6c4126e43 sp=0x000000b3979fd2f0 mode 0
Event: 0.537 Thread 0x000002a6b86f3090 DEOPT PACKING pc=0x000002a6bcbb7600 sp=0x000000b3979fc9f0
Event: 0.537 Thread 0x000002a6b86f3090 DEOPT UNPACKING pc=0x000002a6c4126e43 sp=0x000000b3979fbeb0 mode 0

Classes unloaded (0 events):
No events

Classes redefined (0 events):
No events

Internal exceptions (2 events):
Event: 0.264 Thread 0x000002a6b86f3090 Exception <a 'java/lang/NoSuchMethodError'{0x00000000eacb9c78}: 'void java.lang.invoke.DirectMethodHandle$Holder.invokeStatic(java.lang.Object, java.lang.Object, java.lang.Object)'> (0x00000000eacb9c78) 
thrown [s\src\hotspot\share\interpreter\linkResolver.cpp, line 759]
Event: 0.465 Thread 0x000002a6b86f3090 Exception <a 'java/lang/reflect/InvocationTargetException'{0x00000000eafecd10}> (0x00000000eafecd10) 
thrown [s\src\hotspot\share\runtime\reflection.cpp, line 1121]

VM Operations (4 events):
Event: 0.270 Executing VM operation: HandshakeAllThreads
Event: 0.270 Executing VM operation: HandshakeAllThreads done
Event: 0.379 Executing VM operation: HandshakeAllThreads
Event: 0.379 Executing VM operation: HandshakeAllThreads done

Events (20 events):
Event: 0.487 loading class java/util/regex/Pattern$Prolog done
Event: 0.488 loading class java/util/regex/Pattern$Dollar
Event: 0.488 loading class java/util/regex/Pattern$Dollar done
Event: 0.488 loading class java/util/regex/Pattern$GroupCurly
Event: 0.488 loading class java/util/regex/Pattern$GroupCurly done
Event: 0.506 loading class java/util/Collections$SingletonSet
Event: 0.506 loading class java/util/Collections$SingletonSet done
Event: 0.506 loading class java/util/Collections$1
Event: 0.506 loading class java/util/Collections$1 done
Event: 0.533 Thread 0x000002a6d3b5c870 Thread added: 0x000002a6d3b5c870
Event: 0.533 loading class jdk/internal/vm/PostVMInitHook
Event: 0.533 loading class jdk/internal/vm/PostVMInitHook done
Event: 0.533 loading class sun/launcher/LauncherHelper
Event: 0.534 loading class sun/launcher/LauncherHelper done
Event: 0.535 loading class java/util/jar/JarVerifier
Event: 0.535 loading class java/util/jar/JarVerifier done
Event: 0.536 loading class java/security/CodeSigner
Event: 0.536 loading class java/security/CodeSigner done
Event: 0.537 loading class sun/security/util/ManifestEntryVerifier
Event: 0.537 loading class sun/security/util/ManifestEntryVerifier done


Dynamic libraries:
0x00007ff6d2ed0000 - 0x00007ff6d2ede000 	c:\Users\LENOVO_GAMING\.vscode\extensions\redhat.java-1.32.0-win32-x64\jre\17.0.11-win32-x86_64\bin\java.exe
0x00007ffcde8f0000 - 0x00007ffcdeae8000 	C:\WINDOWS\SYSTEM32\ntdll.dll
0x00007ffcdcda0000 - 0x00007ffcdce5d000 	C:\WINDOWS\System32\KERNEL32.DLL
0x00007ffcdc330000 - 0x00007ffcdc626000 	C:\WINDOWS\System32\KERNELBASE.dll
0x00007ffcdc830000 - 0x00007ffcdc930000 	C:\WINDOWS\System32\ucrtbase.dll
0x00007ffcd4e90000 - 0x00007ffcd4eab000 	c:\Users\LENOVO_GAMING\.vscode\extensions\redhat.java-1.32.0-win32-x64\jre\17.0.11-win32-x86_64\bin\VCRUNTIME140.dll
0x00007ffcc6f50000 - 0x00007ffcc6f67000 	c:\Users\LENOVO_GAMING\.vscode\extensions\redhat.java-1.32.0-win32-x64\jre\17.0.11-win32-x86_64\bin\jli.dll
0x00007ffcde000000 - 0x00007ffcde19f000 	C:\WINDOWS\System32\USER32.dll
0x00007ffcdc100000 - 0x00007ffcdc122000 	C:\WINDOWS\System32\win32u.dll
0x00007ffccaf20000 - 0x00007ffccb1ba000 	C:\WINDOWS\WinSxS\amd64_microsoft.windows.common-controls_6595b64144ccf1df_6.0.19041.4355_none_60b8b9eb71f62e16\COMCTL32.dll
0x00007ffcde1e0000 - 0x00007ffcde20b000 	C:\WINDOWS\System32\GDI32.dll
0x00007ffcddd80000 - 0x00007ffcdde1e000 	C:\WINDOWS\System32\msvcrt.dll
0x00007ffcdbfb0000 - 0x00007ffcdc0c7000 	C:\WINDOWS\System32\gdi32full.dll
0x00007ffcdc290000 - 0x00007ffcdc32d000 	C:\WINDOWS\System32\msvcp_win.dll
0x00007ffcde1b0000 - 0x00007ffcde1df000 	C:\WINDOWS\System32\IMM32.DLL
0x00007ffcd4380000 - 0x00007ffcd438c000 	c:\Users\LENOVO_GAMING\.vscode\extensions\redhat.java-1.32.0-win32-x64\jre\17.0.11-win32-x86_64\bin\vcruntime140_1.dll
0x00007ffcacc20000 - 0x00007ffcaccad000 	c:\Users\LENOVO_GAMING\.vscode\extensions\redhat.java-1.32.0-win32-x64\jre\17.0.11-win32-x86_64\bin\msvcp140.dll
0x00007ffc7c6f0000 - 0x00007ffc7d352000 	c:\Users\LENOVO_GAMING\.vscode\extensions\redhat.java-1.32.0-win32-x64\jre\17.0.11-win32-x86_64\bin\server\jvm.dll
0x00007ffcdde20000 - 0x00007ffcdded0000 	C:\WINDOWS\System32\ADVAPI32.dll
0x00007ffcde270000 - 0x00007ffcde310000 	C:\WINDOWS\System32\sechost.dll
0x00007ffcde780000 - 0x00007ffcde8a3000 	C:\WINDOWS\System32\RPCRT4.dll
0x00007ffcdc0d0000 - 0x00007ffcdc0f7000 	C:\WINDOWS\System32\bcrypt.dll
0x00007ffcdb4f0000 - 0x00007ffcdb53b000 	C:\WINDOWS\SYSTEM32\POWRPROF.dll
0x00007ffcd26b0000 - 0x00007ffcd26ba000 	C:\WINDOWS\SYSTEM32\VERSION.dll
0x00007ffcb7ed0000 - 0x00007ffcb7ed9000 	C:\WINDOWS\SYSTEM32\WSOCK32.dll
0x00007ffccb1c0000 - 0x00007ffccb1e7000 	C:\WINDOWS\SYSTEM32\WINMM.dll
0x00007ffcdd6c0000 - 0x00007ffcdd72b000 	C:\WINDOWS\System32\WS2_32.dll
0x00007ffcdb360000 - 0x00007ffcdb372000 	C:\WINDOWS\SYSTEM32\UMPDC.dll
0x00007ffcd9df0000 - 0x00007ffcd9e02000 	C:\WINDOWS\SYSTEM32\kernel.appcore.dll
0x00007ffccc860000 - 0x00007ffccc86a000 	c:\Users\LENOVO_GAMING\.vscode\extensions\redhat.java-1.32.0-win32-x64\jre\17.0.11-win32-x86_64\bin\jimage.dll
0x00007ffcb5b80000 - 0x00007ffcb5d64000 	C:\WINDOWS\SYSTEM32\DBGHELP.DLL
0x00007ffcb5a40000 - 0x00007ffcb5a74000 	C:\WINDOWS\SYSTEM32\dbgcore.DLL
0x00007ffcdc750000 - 0x00007ffcdc7d2000 	C:\WINDOWS\System32\bcryptPrimitives.dll
0x00007ffccc150000 - 0x00007ffccc15e000 	c:\Users\LENOVO_GAMING\.vscode\extensions\redhat.java-1.32.0-win32-x64\jre\17.0.11-win32-x86_64\bin\instrument.dll
0x00007ffcb73a0000 - 0x00007ffcb73c5000 	c:\Users\LENOVO_GAMING\.vscode\extensions\redhat.java-1.32.0-win32-x64\jre\17.0.11-win32-x86_64\bin\java.dll
0x00007ffcc2da0000 - 0x00007ffcc2db8000 	c:\Users\LENOVO_GAMING\.vscode\extensions\redhat.java-1.32.0-win32-x64\jre\17.0.11-win32-x86_64\bin\zip.dll
0x00007ffcdce60000 - 0x00007ffcdd5cc000 	C:\WINDOWS\System32\SHELL32.dll
0x00007ffcd9ff0000 - 0x00007ffcda78d000 	C:\WINDOWS\SYSTEM32\windows.storage.dll
0x00007ffcdda20000 - 0x00007ffcddd73000 	C:\WINDOWS\System32\combase.dll
0x00007ffcdb8f0000 - 0x00007ffcdb91e000 	C:\WINDOWS\SYSTEM32\Wldp.dll
0x00007ffcdcad0000 - 0x00007ffcdcb9d000 	C:\WINDOWS\System32\OLEAUT32.dll
0x00007ffcdc990000 - 0x00007ffcdca3d000 	C:\WINDOWS\System32\SHCORE.dll
0x00007ffcde210000 - 0x00007ffcde265000 	C:\WINDOWS\System32\shlwapi.dll
0x00007ffcdbee0000 - 0x00007ffcdbf04000 	C:\WINDOWS\SYSTEM32\profapi.dll
0x00007ffcb7260000 - 0x00007ffcb7279000 	C:\Users\LENOVO_GAMING\.vscode\extensions\redhat.java-1.32.0-win32-x64\jre\17.0.11-win32-x86_64\bin\net.dll
0x00007ffcd3b00000 - 0x00007ffcd3c0a000 	C:\WINDOWS\SYSTEM32\WINHTTP.dll
0x00007ffcdb6d0000 - 0x00007ffcdb73a000 	C:\WINDOWS\system32\mswsock.dll
0x00007ffcb5830000 - 0x00007ffcb5846000 	C:\Users\LENOVO_GAMING\.vscode\extensions\redhat.java-1.32.0-win32-x64\jre\17.0.11-win32-x86_64\bin\nio.dll
0x00007ffccbae0000 - 0x00007ffccbaf0000 	c:\Users\LENOVO_GAMING\.vscode\extensions\redhat.java-1.32.0-win32-x64\jre\17.0.11-win32-x86_64\bin\verify.dll

dbghelp: loaded successfully - version: 4.0.5 - missing functions: none
symbol engine: initialized successfully - sym options: 0x614 - pdb path: .;c:\Users\LENOVO_GAMING\.vscode\extensions\redhat.java-1.32.0-win32-x64\jre\17.0.11-win32-x86_64\bin;C:\WINDOWS\SYSTEM32;C:\WINDOWS\WinSxS\amd64_microsoft.windows.common-controls_6595b64144ccf1df_6.0.19041.4355_none_60b8b9eb71f62e16;c:\Users\LENOVO_GAMING\.vscode\extensions\redhat.java-1.32.0-win32-x64\jre\17.0.11-win32-x86_64\bin\server

VM Arguments:
jvm_args: --add-modules=ALL-SYSTEM --add-opens=java.base/java.util=ALL-UNNAMED --add-opens=java.base/java.lang=ALL-UNNAMED --add-opens=java.base/sun.nio.fs=ALL-UNNAMED -Declipse.application=org.eclipse.jdt.ls.core.id1 -Dosgi.bundles.defaultStartLevel=4 -Declipse.product=org.eclipse.jdt.ls.core.product -Djava.import.generatesMetadataFilesAtProjectRoot=false -DDetectVMInstallationsJob.disabled=true -Dfile.encoding=utf8 -XX:+UseParallelGC -XX:GCTimeRatio=4 -XX:AdaptiveSizePolicyWeight=90 -Dsun.zip.disableMemoryMapping=true -Xmx1G -Xms100m -Xlog:disable -javaagent:c:\Users\LENOVO_GAMING\.vscode\extensions\redhat.java-1.32.0-win32-x64\lombok\lombok-1.18.33.jar 
java_command: c:\Users\LENOVO_GAMING\.vscode\extensions\redhat.java-1.32.0-win32-x64\server\plugins\org.eclipse.equinox.launcher_1.6.900.v20240613-2009.jar -configuration c:\Users\LENOVO_GAMING\AppData\Roaming\Code\User\globalStorage\redhat.java\1.32.0\config_ss_win -data c:\Users\LENOVO_GAMING\AppData\Roaming\Code\User\workspaceStorage\b8893bf1ea7f92e422c90a086c34b6a0\redhat.java\ss_ws --pipe=\\.\pipe\lsp-2da935bf4ba8fe6ad3456dd38a626564-sock
java_class_path (initial): c:\Users\LENOVO_GAMING\.vscode\extensions\redhat.java-1.32.0-win32-x64\server\plugins\org.eclipse.equinox.launcher_1.6.900.v20240613-2009.jar
Launcher Type: SUN_STANDARD

[Global flags]
    uintx AdaptiveSizePolicyWeight                 = 90                                        {product} {command line}
     intx CICompilerCount                          = 4                                         {product} {ergonomic}
    uintx GCTimeRatio                              = 4                                         {product} {command line}
   size_t InitialHeapSize                          = 104857600                                 {product} {command line}
   size_t MaxHeapSize                              = 1073741824                                {product} {command line}
   size_t MaxNewSize                               = 357564416                                 {product} {ergonomic}
   size_t MinHeapDeltaBytes                        = 524288                                    {product} {ergonomic}
   size_t MinHeapSize                              = 104857600                                 {product} {command line}
   size_t NewSize                                  = 34603008                                  {product} {ergonomic}
    uintx NonNMethodCodeHeapSize                   = 5839372                                {pd product} {ergonomic}
    uintx NonProfiledCodeHeapSize                  = 122909434                              {pd product} {ergonomic}
   size_t OldSize                                  = 70254592                                  {product} {ergonomic}
    uintx ProfiledCodeHeapSize                     = 122909434                              {pd product} {ergonomic}
    uintx ReservedCodeCacheSize                    = 251658240                              {pd product} {ergonomic}
     bool SegmentedCodeCache                       = true                                      {product} {ergonomic}
   size_t SoftMaxHeapSize                          = 1073741824                             {manageable} {ergonomic}
     bool UseCompressedClassPointers               = true                           {product lp64_product} {ergonomic}
     bool UseCompressedOops                        = true                           {product lp64_product} {ergonomic}
     bool UseLargePagesIndividualAllocation        = false                                  {pd product} {ergonomic}
     bool UseParallelGC                            = true                                      {product} {command line}

Logging:
Log output configuration:
 #0: stdout all=off uptime,level,tags
 #1: stderr all=off uptime,level,tags

Environment Variables:
PATH=C:\Program Files\Common Files\Oracle\Java\javapath;C:\ProgramData\Oracle\Java\javapath;C:\Python312\Scripts\;C:\Python312\;C:\Program Files\Python311\Scripts\;C:\Program Files\Python311\;C:\Program Files (x86)\VMware\VMware Player\bin\;C:\WINDOWS\system32;C:\WINDOWS;C:\WINDOWS\System32\Wbem;C:\WINDOWS\System32\WindowsPowerShell\v1.0\;C:\WINDOWS\System32\OpenSSH\;C:\Program Files (x86)\NVIDIA Corporation\PhysX\Common;C:\Program Files (x86)\Common Files\Adobe\AGL;C:\Program Files\NVIDIA Corporation\NVIDIA NvDLISR;C:\WINDOWS\system32;C:\WINDOWS;C:\WINDOWS\System32\Wbem;C:\WINDOWS\System32\WindowsPowerShell\v1.0\;C:\WINDOWS\System32\OpenSSH\;C:\Program Files\Microsoft SQL Server\130\Tools\Binn\;C:\Program Files\Microsoft SQL Server\Client SDK\ODBC\170\Tools\Binn\;C:\Program Files\dotnet\;C:\Program Files\Git\cmd;C:\Program Files\nodejs\;C:\ProgramData\chocolatey\bin;C:\Program Files\Amazon\AWSCLIV2\;C:\minikube;C:\kubecli;C:\Program Files\Docker\Docker\resources\bin;C:\Users\LENOVO_GAMING\Downloads;C:\Users\LENOVO_GAMING\AppData\Local\Microsoft\WindowsApps;C:\Users\LENOVO_GAMING\.dotnet\tools;D:\Microsoft VS Code\bin;C:\Users\LENOVO_GAMING\AppData\Roaming\npm;C:\Users\LENOVO_GAMING\Downloads\apache-maven-3.9.6\bin;C:\Users\LENOVO_GAMING\AppData\Local\GitHubDesktop\bin;C:\Users\LENOVO_GAMING\tools\maven\bin;
USERNAME=LENOVO_GAMING
OS=Windows_NT
PROCESSOR_IDENTIFIER=Intel64 Family 6 Model 94 Stepping 3, GenuineIntel
TMP=C:\Users\LENOVO~1\AppData\Local\Temp
TEMP=C:\Users\LENOVO~1\AppData\Local\Temp



Periodic native trim disabled


---------------  S Y S T E M  ---------------

OS:
 Windows 10 , 64 bit Build 19041 (10.0.19041.3636)
OS uptime: 2 days 7:35 hours
Hyper-V role detected

CPU: total 8 (initial active 8) (4 cores per cpu, 2 threads per core) family 6 model 94 stepping 3 microcode 0xcc, cx8, cmov, fxsr, ht, mmx, 3dnowpref, sse, sse2, sse3, ssse3, sse4.1, sse4.2, popcnt, lzcnt, tsc, tscinvbit, avx, avx2, aes, erms, clmul, bmi1, bmi2, rtm, adx, fma, vzeroupper, clflush, clflushopt, hv
Processor Information for all 8 processors :
  Max Mhz: 2601, Current Mhz: 2600, Mhz Limit: 2574

Memory: 4k page, system-wide physical 16211M (2150M free)
TotalPageFile size 16211M (AvailPageFile size 186M)
current process WorkingSet (physical memory assigned to process): 44M, peak: 44M
current process commit charge ("private bytes"): 189M, peak: 189M

vm_info: OpenJDK 64-Bit Server VM (17.0.11+9) for windows-amd64 JRE (17.0.11+9), built on Apr 17 2024 06:07:48 by "admin" with MS VC++ 16.10 / 16.11 (VS2019)

END.
