#
# There is insufficient memory for the Java Runtime Environment to continue.
# Native memory allocation (mmap) failed to map 65536 bytes. Error detail: Failed to commit metaspace.
# Possible reasons:
#   The system is out of physical RAM or swap space
#   This process is running with CompressedOops enabled, and the Java Heap may be blocking the growth of the native heap
# Possible solutions:
#   Reduce memory load on the system
#   Increase physical memory or swap space
#   Check if swap backing store is full
#   Decrease Java heap size (-Xmx/-Xms)
#   Decrease number of Java threads
#   Decrease Java thread stack sizes (-Xss)
#   Set larger code cache with -XX:ReservedCodeCacheSize=
#   JVM is running with Unscaled Compressed Oops mode in which the Java heap is
#     placed in the first 4GB address space. The Java Heap base address is the
#     maximum limit for the native heap growth. Please use -XX:HeapBaseMinAddress
#     to set the Java Heap base and to place the Java Heap above 4GB virtual address.
# This output file may be truncated or incomplete.
#
#  Out of Memory Error (virtualSpaceNode.cpp:110), pid=12796, tid=7304
#
# JRE version: OpenJDK Runtime Environment Temurin-17.0.11+9 (17.0.11+9) (build 17.0.11+9)
# Java VM: OpenJDK 64-Bit Server VM Temurin-17.0.11+9 (17.0.11+9, mixed mode, tiered, compressed oops, compressed class ptrs, parallel gc, windows-amd64)
# No core dump will be written. Minidumps are not enabled by default on client versions of Windows
#

---------------  S U M M A R Y ------------

Command Line: --add-modules=ALL-SYSTEM --add-opens=java.base/java.util=ALL-UNNAMED --add-opens=java.base/java.lang=ALL-UNNAMED --add-opens=java.base/sun.nio.fs=ALL-UNNAMED -Declipse.application=org.eclipse.jdt.ls.core.id1 -Dosgi.bundles.defaultStartLevel=4 -Declipse.product=org.eclipse.jdt.ls.core.product -Djava.import.generatesMetadataFilesAtProjectRoot=false -DDetectVMInstallationsJob.disabled=true -Dfile.encoding=utf8 -XX:+UseParallelGC -XX:GCTimeRatio=4 -XX:AdaptiveSizePolicyWeight=90 -Dsun.zip.disableMemoryMapping=true -Xmx1G -Xms100m -Xlog:disable -javaagent:c:\Users\LENOVO_GAMING\.vscode\extensions\redhat.java-1.32.0-win32-x64\lombok\lombok-1.18.33.jar -XX:+HeapDumpOnOutOfMemoryError -XX:HeapDumpPath=c:\Users\LENOVO_GAMING\AppData\Roaming\Code\User\workspaceStorage\b8893bf1ea7f92e422c90a086c34b6a0\redhat.java -Daether.dependencyCollector.impl=bf c:\Users\LENOVO_GAMING\.vscode\extensions\redhat.java-1.32.0-win32-x64\server\plugins\org.eclipse.equinox.launcher_1.6.900.v20240613-2009.jar -configuration c:\Users\LENOVO_GAMING\AppData\Roaming\Code\User\globalStorage\redhat.java\1.32.0\config_win -data c:\Users\LENOVO_GAMING\AppData\Roaming\Code\User\workspaceStorage\b8893bf1ea7f92e422c90a086c34b6a0\redhat.java\jdt_ws --pipe=\\.\pipe\lsp-4026e52ef4c05e73898c5458cfbd71a9-sock

Host: Intel(R) Core(TM) i7-6700HQ CPU @ 2.60GHz, 8 cores, 15G,  Windows 10 , 64 bit Build 19041 (10.0.19041.3636)
Time: Mon Jul  8 22:17:36 2024  Windows 10 , 64 bit Build 19041 (10.0.19041.3636) elapsed time: 0.377109 seconds (0d 0h 0m 0s)

---------------  T H R E A D  ---------------

Current thread (0x0000028955644240):  JavaThread "main" [_thread_in_vm, id=7304, stack(0x0000009ff7000000,0x0000009ff7100000)]

Stack: [0x0000009ff7000000,0x0000009ff7100000]
Native frames: (J=compiled Java code, j=interpreted, Vv=VM code, C=native code)
V  [jvm.dll+0x67d429]
V  [jvm.dll+0x834b7a]
V  [jvm.dll+0x83663e]
V  [jvm.dll+0x836ca3]
V  [jvm.dll+0x247dbf]
V  [jvm.dll+0x83083b]
V  [jvm.dll+0x621d56]
V  [jvm.dll+0x1c1b3e]
V  [jvm.dll+0x6246b1]
V  [jvm.dll+0x6226f6]
V  [jvm.dll+0x23c27f]
V  [jvm.dll+0x62c585]
V  [jvm.dll+0x1ebb1b]
V  [jvm.dll+0x1ec055]
V  [jvm.dll+0x1ecb10]
V  [jvm.dll+0x1e1f11]
V  [jvm.dll+0x54250e]
V  [jvm.dll+0x7aecb8]
V  [jvm.dll+0x7aeda4]
V  [jvm.dll+0x4106a5]
V  [jvm.dll+0x416819]
C  [java.dll+0x17ec]

Java frames: (J=compiled Java code, j=interpreted, Vv=VM code)
j  java.lang.ClassLoader.defineClass1(Ljava/lang/ClassLoader;Ljava/lang/String;[BIILjava/security/ProtectionDomain;Ljava/lang/String;)Ljava/lang/Class;+0 java.base@17.0.11
j  java.lang.ClassLoader.defineClass(Ljava/lang/String;[BIILjava/security/ProtectionDomain;)Ljava/lang/Class;+27 java.base@17.0.11
j  java.lang.ClassLoader.defineClass(Ljava/lang/String;[BII)Ljava/lang/Class;+7 java.base@17.0.11
j  lombok.launch.ShadowClassLoader.urlToDefineClass(Ljava/lang/String;Ljava/net/URL;Z)Ljava/lang/Class;+155
j  lombok.launch.ShadowClassLoader.loadClass(Ljava/lang/String;Z)Ljava/lang/Class;+238
j  java.lang.ClassLoader.loadClass(Ljava/lang/String;)Ljava/lang/Class;+3 java.base@17.0.11
v  ~StubRoutines::call_stub
j  lombok.patcher.scripts.ScriptBuilder$ExitEarlyBuilder.build()Llombok/patcher/scripts/ExitFromMethodEarlyScript;+22
j  lombok.eclipse.agent.EclipseLoaderPatcher.patchEquinoxLoaders(Llombok/patcher/ScriptManager;Ljava/lang/Class;)V+192
j  lombok.eclipse.agent.EclipsePatcher.registerPatchScripts(Ljava/lang/instrument/Instrumentation;ZLjava/lang/Class;)V+44
j  lombok.eclipse.agent.EclipsePatcher.runAgent(Ljava/lang/String;Ljava/lang/instrument/Instrumentation;ZLjava/lang/Class;)V+4
j  lombok.core.AgentLauncher.runAgents(Ljava/lang/String;Ljava/lang/instrument/Instrumentation;ZLjava/lang/Class;)V+62
v  ~StubRoutines::call_stub
j  jdk.internal.reflect.NativeMethodAccessorImpl.invoke0(Ljava/lang/reflect/Method;Ljava/lang/Object;[Ljava/lang/Object;)Ljava/lang/Object;+0 java.base@17.0.11
j  jdk.internal.reflect.NativeMethodAccessorImpl.invoke(Ljava/lang/Object;[Ljava/lang/Object;)Ljava/lang/Object;+133 java.base@17.0.11
j  jdk.internal.reflect.DelegatingMethodAccessorImpl.invoke(Ljava/lang/Object;[Ljava/lang/Object;)Ljava/lang/Object;+6 java.base@17.0.11
j  java.lang.reflect.Method.invoke(Ljava/lang/Object;[Ljava/lang/Object;)Ljava/lang/Object;+59 java.base@17.0.11
j  lombok.launch.Agent.runLauncher(Ljava/lang/String;Ljava/lang/instrument/Instrumentation;Z)V+73
j  lombok.launch.Agent.premain(Ljava/lang/String;Ljava/lang/instrument/Instrumentation;)V+3
v  ~StubRoutines::call_stub
j  jdk.internal.reflect.NativeMethodAccessorImpl.invoke0(Ljava/lang/reflect/Method;Ljava/lang/Object;[Ljava/lang/Object;)Ljava/lang/Object;+0 java.base@17.0.11
j  jdk.internal.reflect.NativeMethodAccessorImpl.invoke(Ljava/lang/Object;[Ljava/lang/Object;)Ljava/lang/Object;+133 java.base@17.0.11
j  jdk.internal.reflect.DelegatingMethodAccessorImpl.invoke(Ljava/lang/Object;[Ljava/lang/Object;)Ljava/lang/Object;+6 java.base@17.0.11
j  java.lang.reflect.Method.invoke(Ljava/lang/Object;[Ljava/lang/Object;)Ljava/lang/Object;+59 java.base@17.0.11
j  sun.instrument.InstrumentationImpl.loadClassAndStartAgent(Ljava/lang/String;Ljava/lang/String;Ljava/lang/String;)V+166 java.instrument@17.0.11
j  sun.instrument.InstrumentationImpl.loadClassAndCallPremain(Ljava/lang/String;Ljava/lang/String;)V+6 java.instrument@17.0.11
v  ~StubRoutines::call_stub

---------------  P R O C E S S  ---------------

Threads class SMR info:
_java_thread_list=0x000002896e8e6260, length=12, elements={
0x0000028955644240, 0x00000289694d61f0, 0x000002896e7a3270, 0x00000289694de010,
0x00000289694de7b0, 0x000002896e7ebbd0, 0x000002896e7eef00, 0x000002896e7f3f40,
0x000002896e7f4850, 0x000002896e7f5900, 0x00000289556a6a60, 0x000002896e8b09b0
}

Java Threads: ( => current thread )
=>0x0000028955644240 JavaThread "main" [_thread_in_vm, id=7304, stack(0x0000009ff7000000,0x0000009ff7100000)]
  0x00000289694d61f0 JavaThread "Reference Handler" daemon [_thread_blocked, id=15604, stack(0x0000009ff7300000,0x0000009ff7400000)]
  0x000002896e7a3270 JavaThread "Finalizer" daemon [_thread_blocked, id=19996, stack(0x0000009ff7400000,0x0000009ff7500000)]
  0x00000289694de010 JavaThread "Signal Dispatcher" daemon [_thread_blocked, id=7320, stack(0x0000009ff7500000,0x0000009ff7600000)]
  0x00000289694de7b0 JavaThread "Attach Listener" daemon [_thread_blocked, id=10448, stack(0x0000009ff7600000,0x0000009ff7700000)]
  0x000002896e7ebbd0 JavaThread "Service Thread" daemon [_thread_blocked, id=22212, stack(0x0000009ff7700000,0x0000009ff7800000)]
  0x000002896e7eef00 JavaThread "Monitor Deflation Thread" daemon [_thread_blocked, id=5620, stack(0x0000009ff7800000,0x0000009ff7900000)]
  0x000002896e7f3f40 JavaThread "C2 CompilerThread0" daemon [_thread_blocked, id=11620, stack(0x0000009ff7900000,0x0000009ff7a00000)]
  0x000002896e7f4850 JavaThread "C1 CompilerThread0" daemon [_thread_blocked, id=14200, stack(0x0000009ff7a00000,0x0000009ff7b00000)]
  0x000002896e7f5900 JavaThread "Sweeper thread" daemon [_thread_blocked, id=3632, stack(0x0000009ff7b00000,0x0000009ff7c00000)]
  0x00000289556a6a60 JavaThread "Common-Cleaner" daemon [_thread_blocked, id=7768, stack(0x0000009ff7c00000,0x0000009ff7d00000)]
  0x000002896e8b09b0 JavaThread "C2 CompilerThread1" daemon [_thread_blocked, id=17240, stack(0x0000009ff7d00000,0x0000009ff7e00000)]

Other Threads:
  0x00000289694d1530 VMThread "VM Thread" [stack: 0x0000009ff7200000,0x0000009ff7300000] [id=9756]
  0x000002895565b7a0 GCTaskThread "GC Thread#0" [stack: 0x0000009ff7100000,0x0000009ff7200000] [id=19324]

Threads with active compile tasks:

VM state: not at safepoint (normal execution)

VM Mutex/Monitor currently owned by a thread:  ([mutex/lock_event])
[0x000002895563eb70] Metaspace_lock - owner thread: 0x0000028955644240

Heap address: 0x00000000c0000000, size: 1024 MB, Compressed Oops mode: 32-bit

CDS archive(s) not mapped
Compressed class space mapped at: 0x0000000100000000-0x0000000140000000, reserved size: 1073741824
Narrow klass base: 0x0000000000000000, Narrow klass shift: 3, Narrow klass range: 0x140000000

GC Precious Log:
 CPUs: 8 total, 8 available
 Memory: 16211M
 Large Page Support: Disabled
 NUMA Support: Disabled
 Compressed Oops: Enabled (32-bit)
 Alignments: Space 512K, Generation 512K, Heap 2M
 Heap Min Capacity: 100M
 Heap Initial Capacity: 100M
 Heap Max Capacity: 1G
 Pre-touch: Disabled
 Parallel Workers: 8

Heap:
 PSYoungGen      total 29696K, used 5949K [0x00000000eab00000, 0x00000000ecc00000, 0x0000000100000000)
  eden space 25600K, 23% used [0x00000000eab00000,0x00000000eb0cf600,0x00000000ec400000)
  from space 4096K, 0% used [0x00000000ec800000,0x00000000ec800000,0x00000000ecc00000)
  to   space 4096K, 0% used [0x00000000ec400000,0x00000000ec400000,0x00000000ec800000)
 ParOldGen       total 68608K, used 0K [0x00000000c0000000, 0x00000000c4300000, 0x00000000eab00000)
  object space 68608K, 0% used [0x00000000c0000000,0x00000000c0000000,0x00000000c4300000)
 Metaspace       used 6176K, committed 6336K, reserved 1114112K
  class space    used 601K, committed 704K, reserved 1048576K

Card table byte_map: [0x0000028954fe0000,0x00000289551f0000] _byte_map_base: 0x00000289549e0000

Marking Bits: (ParMarkBitMap*) 0x00007ffc7d28d820
 Begin Bits: [0x00000289672e0000, 0x00000289682e0000)
 End Bits:   [0x00000289682e0000, 0x00000289692e0000)

Polling page: 0x0000028953610000

Metaspace:

Usage:
  Non-class:      5.44 MB used.
      Class:    601.30 KB used.
       Both:      6.03 MB used.

Virtual space:
  Non-class space:       64.00 MB reserved,       5.50 MB (  9%) committed,  1 nodes.
      Class space:        1.00 GB reserved,     704.00 KB ( <1%) committed,  1 nodes.
             Both:        1.06 GB reserved,       6.19 MB ( <1%) committed. 

Chunk freelists:
   Non-Class:  10.30 MB
       Class:  15.23 MB
        Both:  25.52 MB

MaxMetaspaceSize: unlimited
CompressedClassSpaceSize: 1.00 GB
Initial GC threshold: 21.00 MB
Current GC threshold: 21.00 MB
CDS: off
MetaspaceReclaimPolicy: balanced
 - commit_granule_bytes: 65536.
 - commit_granule_words: 8192.
 - virtual_space_node_default_size: 8388608.
 - enlarge_chunks_in_place: 1.
 - new_chunks_are_fully_committed: 0.
 - uncommit_free_chunks: 1.
 - use_allocation_guard: 0.
 - handle_deallocations: 1.


Internal statistics:

num_allocs_failed_limit: 0.
num_arena_births: 10.
num_arena_deaths: 0.
num_vsnodes_births: 2.
num_vsnodes_deaths: 0.
num_space_committed: 99.
num_space_uncommitted: 0.
num_chunks_returned_to_freelist: 0.
num_chunks_taken_from_freelist: 31.
num_chunk_merges: 0.
num_chunk_splits: 19.
num_chunks_enlarged: 18.
num_inconsistent_stats: 0.

CodeHeap 'non-profiled nmethods': size=120000Kb used=108Kb max_used=108Kb free=119892Kb
 bounds [0x000002895fdb0000, 0x0000028960020000, 0x00000289672e0000]
CodeHeap 'profiled nmethods': size=120000Kb used=459Kb max_used=459Kb free=119540Kb
 bounds [0x00000289582e0000, 0x0000028958550000, 0x000002895f810000]
CodeHeap 'non-nmethods': size=5760Kb used=1096Kb max_used=1112Kb free=4663Kb
 bounds [0x000002895f810000, 0x000002895fa80000, 0x000002895fdb0000]
 total_blobs=740 nmethods=367 adapters=288
 compilation: enabled
              stopped_count=0, restarted_count=0
 full_count=0

Compilation events (20 events):
Event: 0.363 Thread 0x000002896e7f4850  358       1       java.net.URI::getScheme (5 bytes)
Event: 0.363 Thread 0x000002896e7f4850 nmethod 358 0x000002895fdca410 code [0x000002895fdca5a0, 0x000002895fdca678]
Event: 0.363 Thread 0x000002896e7f4850  360       3       java.lang.StringLatin1::regionMatchesCI (98 bytes)
Event: 0.363 Thread 0x000002896e7f4850 nmethod 360 0x000002895834ec10 code [0x000002895834ee40, 0x000002895834f598]
Event: 0.363 Thread 0x000002896e7f4850  359       3       java.lang.String::regionMatches (150 bytes)
Event: 0.364 Thread 0x000002896e7f4850 nmethod 359 0x000002895834f910 code [0x000002895834fb60, 0x0000028958350368]
Event: 0.364 Thread 0x000002896e7f4850  361       3       java.net.URI$Parser::checkChars (44 bytes)
Event: 0.365 Thread 0x000002896e7f4850 nmethod 361 0x0000028958350610 code [0x0000028958350840, 0x0000028958350e88]
Event: 0.367 Thread 0x000002896e7f4850  363       3       java.lang.invoke.MethodType::parameterCount (6 bytes)
Event: 0.367 Thread 0x000002896e7f4850 nmethod 363 0x0000028958351110 code [0x00000289583512a0, 0x00000289583513b8]
Event: 0.368 Thread 0x000002896e7f4850  364       1       java.util.ArrayList::size (5 bytes)
Event: 0.368 Thread 0x000002896e7f4850 nmethod 364 0x000002895fdcaa10 code [0x000002895fdcaba0, 0x000002895fdcac78]
Event: 0.368 Thread 0x000002896e7f4850  365       3       java.util.regex.Pattern::has (15 bytes)
Event: 0.369 Thread 0x000002896e7f4850 nmethod 365 0x0000028958351490 code [0x0000028958351620, 0x0000028958351798]
Event: 0.370 Thread 0x000002896e7f4850  366       3       java.io.WinNTFileSystem::isLetter (30 bytes)
Event: 0.370 Thread 0x000002896e7f4850 nmethod 366 0x0000028958351810 code [0x00000289583519a0, 0x0000028958351bb8]
Event: 0.370 Thread 0x000002896e7f4850  367       3       lombok.launch.PackageShader::apply (252 bytes)
Event: 0.371 Thread 0x000002896e7f4850 nmethod 367 0x0000028958351c90 code [0x0000028958351ec0, 0x00000289583529c8]
Event: 0.371 Thread 0x000002896e7f4850  368       1       java.security.ProtectionDomain::getCodeSource (5 bytes)
Event: 0.371 Thread 0x000002896e7f4850 nmethod 368 0x000002895fdcad10 code [0x000002895fdcaea0, 0x000002895fdcaf78]

GC Heap History (0 events):
No events

Dll operation events (8 events):
Event: 0.011 Loaded shared library c:\Users\LENOVO_GAMING\.vscode\extensions\redhat.java-1.32.0-win32-x64\jre\17.0.11-win32-x86_64\bin\java.dll
Event: 0.179 Loaded shared library c:\Users\LENOVO_GAMING\.vscode\extensions\redhat.java-1.32.0-win32-x64\jre\17.0.11-win32-x86_64\bin\zip.dll
Event: 0.183 Loaded shared library C:\Users\LENOVO_GAMING\.vscode\extensions\redhat.java-1.32.0-win32-x64\jre\17.0.11-win32-x86_64\bin\instrument.dll
Event: 0.202 Loaded shared library C:\Users\LENOVO_GAMING\.vscode\extensions\redhat.java-1.32.0-win32-x64\jre\17.0.11-win32-x86_64\bin\net.dll
Event: 0.211 Loaded shared library C:\Users\LENOVO_GAMING\.vscode\extensions\redhat.java-1.32.0-win32-x64\jre\17.0.11-win32-x86_64\bin\nio.dll
Event: 0.220 Loaded shared library C:\Users\LENOVO_GAMING\.vscode\extensions\redhat.java-1.32.0-win32-x64\jre\17.0.11-win32-x86_64\bin\zip.dll
Event: 0.241 Loaded shared library C:\Users\LENOVO_GAMING\.vscode\extensions\redhat.java-1.32.0-win32-x64\jre\17.0.11-win32-x86_64\bin\jimage.dll
Event: 0.322 Loaded shared library c:\Users\LENOVO_GAMING\.vscode\extensions\redhat.java-1.32.0-win32-x64\jre\17.0.11-win32-x86_64\bin\verify.dll

Deoptimization events (12 events):
Event: 0.228 Thread 0x0000028955644240 Uncommon trap: trap_request=0xffffffde fr.pc=0x000002895fdbe698 relative=0x0000000000000638
Event: 0.228 Thread 0x0000028955644240 Uncommon trap: reason=class_check action=maybe_recompile pc=0x000002895fdbe698 method=java.util.HashMap.putVal(ILjava/lang/Object;Ljava/lang/Object;ZZ)Ljava/lang/Object; @ 152 c2
Event: 0.228 Thread 0x0000028955644240 DEOPT PACKING pc=0x000002895fdbe698 sp=0x0000009ff70fe6f0
Event: 0.228 Thread 0x0000028955644240 DEOPT UNPACKING pc=0x000002895f8666a3 sp=0x0000009ff70fe640 mode 2
Event: 0.228 Thread 0x0000028955644240 Uncommon trap: trap_request=0xffffffde fr.pc=0x000002895fdbe698 relative=0x0000000000000638
Event: 0.228 Thread 0x0000028955644240 Uncommon trap: reason=class_check action=maybe_recompile pc=0x000002895fdbe698 method=java.util.HashMap.putVal(ILjava/lang/Object;Ljava/lang/Object;ZZ)Ljava/lang/Object; @ 152 c2
Event: 0.228 Thread 0x0000028955644240 DEOPT PACKING pc=0x000002895fdbe698 sp=0x0000009ff70fe6f0
Event: 0.228 Thread 0x0000028955644240 DEOPT UNPACKING pc=0x000002895f8666a3 sp=0x0000009ff70fe640 mode 2
Event: 0.228 Thread 0x0000028955644240 Uncommon trap: trap_request=0xffffffde fr.pc=0x000002895fdbe698 relative=0x0000000000000638
Event: 0.228 Thread 0x0000028955644240 Uncommon trap: reason=class_check action=maybe_recompile pc=0x000002895fdbe698 method=java.util.HashMap.putVal(ILjava/lang/Object;Ljava/lang/Object;ZZ)Ljava/lang/Object; @ 152 c2
Event: 0.228 Thread 0x0000028955644240 DEOPT PACKING pc=0x000002895fdbe698 sp=0x0000009ff70fe6f0
Event: 0.228 Thread 0x0000028955644240 DEOPT UNPACKING pc=0x000002895f8666a3 sp=0x0000009ff70fe640 mode 2

Classes unloaded (0 events):
No events

Classes redefined (0 events):
No events

Internal exceptions (2 events):
Event: 0.145 Thread 0x0000028955644240 Exception <a 'java/lang/NoSuchMethodError'{0x00000000eacb9f60}: 'void java.lang.invoke.DirectMethodHandle$Holder.invokeStatic(java.lang.Object, java.lang.Object, java.lang.Object)'> (0x00000000eacb9f60) 
thrown [s\src\hotspot\share\interpreter\linkResolver.cpp, line 759]
Event: 0.345 Thread 0x0000028955644240 Exception <a 'java/lang/reflect/InvocationTargetException'{0x00000000eafecea8}> (0x00000000eafecea8) 
thrown [s\src\hotspot\share\runtime\reflection.cpp, line 1121]

VM Operations (2 events):
Event: 0.153 Executing VM operation: HandshakeAllThreads
Event: 0.153 Executing VM operation: HandshakeAllThreads done

Events (20 events):
Event: 0.366 loading class java/util/regex/Pattern$BitClass
Event: 0.366 loading class java/util/regex/Pattern$BitClass done
Event: 0.367 loading class java/util/regex/Pattern$BranchConn
Event: 0.367 loading class java/util/regex/Pattern$BranchConn done
Event: 0.367 loading class java/util/regex/Pattern$Branch
Event: 0.368 loading class java/util/regex/Pattern$Branch done
Event: 0.368 loading class java/util/regex/Pattern$StartS
Event: 0.368 loading class java/util/regex/Pattern$StartS done
Event: 0.368 loading class java/util/regex/Pattern$Curly
Event: 0.368 loading class java/util/regex/Pattern$Curly done
Event: 0.368 loading class java/util/regex/Pattern$Ques
Event: 0.368 loading class java/util/regex/Pattern$Ques done
Event: 0.368 loading class java/util/regex/Pattern$Loop
Event: 0.368 loading class java/util/regex/Pattern$Loop done
Event: 0.368 loading class java/util/regex/Pattern$Prolog
Event: 0.368 loading class java/util/regex/Pattern$Prolog done
Event: 0.368 loading class java/util/regex/Pattern$Dollar
Event: 0.369 loading class java/util/regex/Pattern$Dollar done
Event: 0.369 loading class java/util/regex/Pattern$GroupCurly
Event: 0.369 loading class java/util/regex/Pattern$GroupCurly done


Dynamic libraries:
0x00007ff6d2ed0000 - 0x00007ff6d2ede000 	c:\Users\LENOVO_GAMING\.vscode\extensions\redhat.java-1.32.0-win32-x64\jre\17.0.11-win32-x86_64\bin\java.exe
0x00007ffcde8f0000 - 0x00007ffcdeae8000 	C:\WINDOWS\SYSTEM32\ntdll.dll
0x00007ffcdcda0000 - 0x00007ffcdce5d000 	C:\WINDOWS\System32\KERNEL32.DLL
0x00007ffcdc330000 - 0x00007ffcdc626000 	C:\WINDOWS\System32\KERNELBASE.dll
0x00007ffcdc830000 - 0x00007ffcdc930000 	C:\WINDOWS\System32\ucrtbase.dll
0x00007ffcc6f50000 - 0x00007ffcc6f67000 	c:\Users\LENOVO_GAMING\.vscode\extensions\redhat.java-1.32.0-win32-x64\jre\17.0.11-win32-x86_64\bin\jli.dll
0x00007ffcd4e90000 - 0x00007ffcd4eab000 	c:\Users\LENOVO_GAMING\.vscode\extensions\redhat.java-1.32.0-win32-x64\jre\17.0.11-win32-x86_64\bin\VCRUNTIME140.dll
0x00007ffcde000000 - 0x00007ffcde19f000 	C:\WINDOWS\System32\USER32.dll
0x00007ffcdc100000 - 0x00007ffcdc122000 	C:\WINDOWS\System32\win32u.dll
0x00007ffccaf20000 - 0x00007ffccb1ba000 	C:\WINDOWS\WinSxS\amd64_microsoft.windows.common-controls_6595b64144ccf1df_6.0.19041.4355_none_60b8b9eb71f62e16\COMCTL32.dll
0x00007ffcde1e0000 - 0x00007ffcde20b000 	C:\WINDOWS\System32\GDI32.dll
0x00007ffcddd80000 - 0x00007ffcdde1e000 	C:\WINDOWS\System32\msvcrt.dll
0x00007ffcdbfb0000 - 0x00007ffcdc0c7000 	C:\WINDOWS\System32\gdi32full.dll
0x00007ffcdc290000 - 0x00007ffcdc32d000 	C:\WINDOWS\System32\msvcp_win.dll
0x00007ffcde1b0000 - 0x00007ffcde1df000 	C:\WINDOWS\System32\IMM32.DLL
0x00007ffcd4380000 - 0x00007ffcd438c000 	c:\Users\LENOVO_GAMING\.vscode\extensions\redhat.java-1.32.0-win32-x64\jre\17.0.11-win32-x86_64\bin\vcruntime140_1.dll
0x00007ffcacc20000 - 0x00007ffcaccad000 	c:\Users\LENOVO_GAMING\.vscode\extensions\redhat.java-1.32.0-win32-x64\jre\17.0.11-win32-x86_64\bin\msvcp140.dll
0x00007ffc7c6f0000 - 0x00007ffc7d352000 	c:\Users\LENOVO_GAMING\.vscode\extensions\redhat.java-1.32.0-win32-x64\jre\17.0.11-win32-x86_64\bin\server\jvm.dll
0x00007ffcdde20000 - 0x00007ffcdded0000 	C:\WINDOWS\System32\ADVAPI32.dll
0x00007ffcde270000 - 0x00007ffcde310000 	C:\WINDOWS\System32\sechost.dll
0x00007ffcde780000 - 0x00007ffcde8a3000 	C:\WINDOWS\System32\RPCRT4.dll
0x00007ffcdc0d0000 - 0x00007ffcdc0f7000 	C:\WINDOWS\System32\bcrypt.dll
0x00007ffcb7ed0000 - 0x00007ffcb7ed9000 	C:\WINDOWS\SYSTEM32\WSOCK32.dll
0x00007ffccb1c0000 - 0x00007ffccb1e7000 	C:\WINDOWS\SYSTEM32\WINMM.dll
0x00007ffcdb4f0000 - 0x00007ffcdb53b000 	C:\WINDOWS\SYSTEM32\POWRPROF.dll
0x00007ffcdd6c0000 - 0x00007ffcdd72b000 	C:\WINDOWS\System32\WS2_32.dll
0x00007ffcd26b0000 - 0x00007ffcd26ba000 	C:\WINDOWS\SYSTEM32\VERSION.dll
0x00007ffcdb360000 - 0x00007ffcdb372000 	C:\WINDOWS\SYSTEM32\UMPDC.dll
0x00007ffcd9df0000 - 0x00007ffcd9e02000 	C:\WINDOWS\SYSTEM32\kernel.appcore.dll
0x00007ffccc860000 - 0x00007ffccc86a000 	c:\Users\LENOVO_GAMING\.vscode\extensions\redhat.java-1.32.0-win32-x64\jre\17.0.11-win32-x86_64\bin\jimage.dll
0x00007ffcb5b80000 - 0x00007ffcb5d64000 	C:\WINDOWS\SYSTEM32\DBGHELP.DLL
0x00007ffcb5a40000 - 0x00007ffcb5a74000 	C:\WINDOWS\SYSTEM32\dbgcore.DLL
0x00007ffcdc750000 - 0x00007ffcdc7d2000 	C:\WINDOWS\System32\bcryptPrimitives.dll
0x00007ffccc150000 - 0x00007ffccc15e000 	c:\Users\LENOVO_GAMING\.vscode\extensions\redhat.java-1.32.0-win32-x64\jre\17.0.11-win32-x86_64\bin\instrument.dll
0x00007ffcb73a0000 - 0x00007ffcb73c5000 	c:\Users\LENOVO_GAMING\.vscode\extensions\redhat.java-1.32.0-win32-x64\jre\17.0.11-win32-x86_64\bin\java.dll
0x00007ffcc2da0000 - 0x00007ffcc2db8000 	c:\Users\LENOVO_GAMING\.vscode\extensions\redhat.java-1.32.0-win32-x64\jre\17.0.11-win32-x86_64\bin\zip.dll
0x00007ffcdce60000 - 0x00007ffcdd5cc000 	C:\WINDOWS\System32\SHELL32.dll
0x00007ffcd9ff0000 - 0x00007ffcda78d000 	C:\WINDOWS\SYSTEM32\windows.storage.dll
0x00007ffcdda20000 - 0x00007ffcddd73000 	C:\WINDOWS\System32\combase.dll
0x00007ffcdb8f0000 - 0x00007ffcdb91e000 	C:\WINDOWS\SYSTEM32\Wldp.dll
0x00007ffcdcad0000 - 0x00007ffcdcb9d000 	C:\WINDOWS\System32\OLEAUT32.dll
0x00007ffcdc990000 - 0x00007ffcdca3d000 	C:\WINDOWS\System32\SHCORE.dll
0x00007ffcde210000 - 0x00007ffcde265000 	C:\WINDOWS\System32\shlwapi.dll
0x00007ffcdbee0000 - 0x00007ffcdbf04000 	C:\WINDOWS\SYSTEM32\profapi.dll
0x00007ffcb7260000 - 0x00007ffcb7279000 	C:\Users\LENOVO_GAMING\.vscode\extensions\redhat.java-1.32.0-win32-x64\jre\17.0.11-win32-x86_64\bin\net.dll
0x00007ffcd3b00000 - 0x00007ffcd3c0a000 	C:\WINDOWS\SYSTEM32\WINHTTP.dll
0x00007ffcdb6d0000 - 0x00007ffcdb73a000 	C:\WINDOWS\system32\mswsock.dll
0x00007ffcb5830000 - 0x00007ffcb5846000 	C:\Users\LENOVO_GAMING\.vscode\extensions\redhat.java-1.32.0-win32-x64\jre\17.0.11-win32-x86_64\bin\nio.dll
0x00007ffccbae0000 - 0x00007ffccbaf0000 	c:\Users\LENOVO_GAMING\.vscode\extensions\redhat.java-1.32.0-win32-x64\jre\17.0.11-win32-x86_64\bin\verify.dll

dbghelp: loaded successfully - version: 4.0.5 - missing functions: none
symbol engine: initialized successfully - sym options: 0x614 - pdb path: .;c:\Users\LENOVO_GAMING\.vscode\extensions\redhat.java-1.32.0-win32-x64\jre\17.0.11-win32-x86_64\bin;C:\WINDOWS\SYSTEM32;C:\WINDOWS\WinSxS\amd64_microsoft.windows.common-controls_6595b64144ccf1df_6.0.19041.4355_none_60b8b9eb71f62e16;c:\Users\LENOVO_GAMING\.vscode\extensions\redhat.java-1.32.0-win32-x64\jre\17.0.11-win32-x86_64\bin\server

VM Arguments:
jvm_args: --add-modules=ALL-SYSTEM --add-opens=java.base/java.util=ALL-UNNAMED --add-opens=java.base/java.lang=ALL-UNNAMED --add-opens=java.base/sun.nio.fs=ALL-UNNAMED -Declipse.application=org.eclipse.jdt.ls.core.id1 -Dosgi.bundles.defaultStartLevel=4 -Declipse.product=org.eclipse.jdt.ls.core.product -Djava.import.generatesMetadataFilesAtProjectRoot=false -DDetectVMInstallationsJob.disabled=true -Dfile.encoding=utf8 -XX:+UseParallelGC -XX:GCTimeRatio=4 -XX:AdaptiveSizePolicyWeight=90 -Dsun.zip.disableMemoryMapping=true -Xmx1G -Xms100m -Xlog:disable -javaagent:c:\Users\LENOVO_GAMING\.vscode\extensions\redhat.java-1.32.0-win32-x64\lombok\lombok-1.18.33.jar -XX:+HeapDumpOnOutOfMemoryError -XX:HeapDumpPath=c:\Users\LENOVO_GAMING\AppData\Roaming\Code\User\workspaceStorage\b8893bf1ea7f92e422c90a086c34b6a0\redhat.java -Daether.dependencyCollector.impl=bf 
java_command: c:\Users\LENOVO_GAMING\.vscode\extensions\redhat.java-1.32.0-win32-x64\server\plugins\org.eclipse.equinox.launcher_1.6.900.v20240613-2009.jar -configuration c:\Users\LENOVO_GAMING\AppData\Roaming\Code\User\globalStorage\redhat.java\1.32.0\config_win -data c:\Users\LENOVO_GAMING\AppData\Roaming\Code\User\workspaceStorage\b8893bf1ea7f92e422c90a086c34b6a0\redhat.java\jdt_ws --pipe=\\.\pipe\lsp-4026e52ef4c05e73898c5458cfbd71a9-sock
java_class_path (initial): c:\Users\LENOVO_GAMING\.vscode\extensions\redhat.java-1.32.0-win32-x64\server\plugins\org.eclipse.equinox.launcher_1.6.900.v20240613-2009.jar
Launcher Type: SUN_STANDARD

[Global flags]
    uintx AdaptiveSizePolicyWeight                 = 90                                        {product} {command line}
     intx CICompilerCount                          = 4                                         {product} {ergonomic}
    uintx GCTimeRatio                              = 4                                         {product} {command line}
     bool HeapDumpOnOutOfMemoryError               = true                                   {manageable} {command line}
    ccstr HeapDumpPath                             = c:\Users\LENOVO_GAMING\AppData\Roaming\Code\User\workspaceStorage\b8893bf1ea7f92e422c90a086c34b6a0\redhat.java         {manageable} {command line}
   size_t InitialHeapSize                          = 104857600                                 {product} {command line}
   size_t MaxHeapSize                              = 1073741824                                {product} {command line}
   size_t MaxNewSize                               = 357564416                                 {product} {ergonomic}
   size_t MinHeapDeltaBytes                        = 524288                                    {product} {ergonomic}
   size_t MinHeapSize                              = 104857600                                 {product} {command line}
   size_t NewSize                                  = 34603008                                  {product} {ergonomic}
    uintx NonNMethodCodeHeapSize                   = 5839372                                {pd product} {ergonomic}
    uintx NonProfiledCodeHeapSize                  = 122909434                              {pd product} {ergonomic}
   size_t OldSize                                  = 70254592                                  {product} {ergonomic}
    uintx ProfiledCodeHeapSize                     = 122909434                              {pd product} {ergonomic}
    uintx ReservedCodeCacheSize                    = 251658240                              {pd product} {ergonomic}
     bool SegmentedCodeCache                       = true                                      {product} {ergonomic}
   size_t SoftMaxHeapSize                          = 1073741824                             {manageable} {ergonomic}
     bool UseCompressedClassPointers               = true                           {product lp64_product} {ergonomic}
     bool UseCompressedOops                        = true                           {product lp64_product} {ergonomic}
     bool UseLargePagesIndividualAllocation        = false                                  {pd product} {ergonomic}
     bool UseParallelGC                            = true                                      {product} {command line}

Logging:
Log output configuration:
 #0: stdout all=off uptime,level,tags
 #1: stderr all=off uptime,level,tags

Environment Variables:
PATH=C:\Program Files\Common Files\Oracle\Java\javapath;C:\ProgramData\Oracle\Java\javapath;C:\Python312\Scripts\;C:\Python312\;C:\Program Files\Python311\Scripts\;C:\Program Files\Python311\;C:\Program Files (x86)\VMware\VMware Player\bin\;C:\WINDOWS\system32;C:\WINDOWS;C:\WINDOWS\System32\Wbem;C:\WINDOWS\System32\WindowsPowerShell\v1.0\;C:\WINDOWS\System32\OpenSSH\;C:\Program Files (x86)\NVIDIA Corporation\PhysX\Common;C:\Program Files (x86)\Common Files\Adobe\AGL;C:\Program Files\NVIDIA Corporation\NVIDIA NvDLISR;C:\WINDOWS\system32;C:\WINDOWS;C:\WINDOWS\System32\Wbem;C:\WINDOWS\System32\WindowsPowerShell\v1.0\;C:\WINDOWS\System32\OpenSSH\;C:\Program Files\Microsoft SQL Server\130\Tools\Binn\;C:\Program Files\Microsoft SQL Server\Client SDK\ODBC\170\Tools\Binn\;C:\Program Files\dotnet\;C:\Program Files\Git\cmd;C:\Program Files\nodejs\;C:\ProgramData\chocolatey\bin;C:\Program Files\Amazon\AWSCLIV2\;C:\minikube;C:\kubecli;C:\Program Files\Docker\Docker\resources\bin;C:\Users\LENOVO_GAMING\Downloads;C:\Users\LENOVO_GAMING\AppData\Local\Microsoft\WindowsApps;C:\Users\LENOVO_GAMING\.dotnet\tools;D:\Microsoft VS Code\bin;C:\Users\LENOVO_GAMING\AppData\Roaming\npm;C:\Users\LENOVO_GAMING\Downloads\apache-maven-3.9.6\bin;C:\Users\LENOVO_GAMING\AppData\Local\GitHubDesktop\bin;C:\Users\LENOVO_GAMING\tools\maven\bin;
USERNAME=LENOVO_GAMING
OS=Windows_NT
PROCESSOR_IDENTIFIER=Intel64 Family 6 Model 94 Stepping 3, GenuineIntel
TMP=C:\Users\LENOVO~1\AppData\Local\Temp
TEMP=C:\Users\LENOVO~1\AppData\Local\Temp



Periodic native trim disabled


---------------  S Y S T E M  ---------------

OS:
 Windows 10 , 64 bit Build 19041 (10.0.19041.3636)
OS uptime: 2 days 7:35 hours
Hyper-V role detected

CPU: total 8 (initial active 8) (4 cores per cpu, 2 threads per core) family 6 model 94 stepping 3 microcode 0xcc, cx8, cmov, fxsr, ht, mmx, 3dnowpref, sse, sse2, sse3, ssse3, sse4.1, sse4.2, popcnt, lzcnt, tsc, tscinvbit, avx, avx2, aes, erms, clmul, bmi1, bmi2, rtm, adx, fma, vzeroupper, clflush, clflushopt, hv
Processor Information for all 8 processors :
  Max Mhz: 2601, Current Mhz: 2600, Mhz Limit: 2574

Memory: 4k page, system-wide physical 16211M (2135M free)
TotalPageFile size 16211M (AvailPageFile size 3M)
current process WorkingSet (physical memory assigned to process): 38M, peak: 38M
current process commit charge ("private bytes"): 187M, peak: 187M

vm_info: OpenJDK 64-Bit Server VM (17.0.11+9) for windows-amd64 JRE (17.0.11+9), built on Apr 17 2024 06:07:48 by "admin" with MS VC++ 16.10 / 16.11 (VS2019)

END.
